🚀 K6 Report Comparison
  [context_aware_hpa_dual_metric] k6/reports/grid_search_vu35_cpu1_hpa1_20260309_114015.csv
  [default_hpa] k6/reports/grid_search_vu35_cpu1_hpa2_20260309_114015.csv
Output: data/grid_search_vu35_cpu1_comparison_122052Z/
Using all data (no sampling)
📁 Loading reports...
✅ Base report loaded: 291090 rows
✅ Comparison report loaded: 266098 rows
⚡ Extracting metrics...
📊 Calculating high-level metrics...

================================================================================
COMPARISON: context_aware_hpa_dual_metric vs default_hpa
================================================================================

📊 LATENCY COMPARISON:
Metric               Base            Comparison      Difference      % Change       
--------------------------------------------------------------------------------
Avg Latency          708.41          775.21          66.79           9.43           %
Min Latency          5.95            6.08            0.13            2.12           %
Max Latency          5001.41         5001.31         -0.11           -0.00          %
P50 Latency          289.77          200.35          -89.42          -30.86         %
P95 Latency          2696.10         2898.38         202.28          7.50           %
P99 Latency          3799.22         4002.83         203.61          5.36           %

✅ SUCCESS RATE COMPARISON:
Metric                    Base            Comparison      Difference      % Change       
-------------------------------------------------------------------------------------
Success Rate (%)          99.72           99.66           -0.06           -0.06          %
Failure Rate (%)          0.28            0.34            0.06            22.63          %

🚀 THROUGHPUT COMPARISON:
Metric                    Base            Comparison      Difference      % Change       
-------------------------------------------------------------------------------------
Requests/Second           49.36           45.22           -4.14           -8.39          %

📡 DATA TRANSFER COMPARISON:
Metric                         Base            Comparison      Difference      % Change       
------------------------------------------------------------------------------------------
Total Data Sent (bytes)        12183739        11134561        -1049178        -8.61          %
Total Data Received (bytes)    4444910         4059630         -385280         -8.67          %

📈 Generating simplified comparison plots...

🎉 Fast comparison complete!
📊 Comparison plots saved to 'data/grid_search_vu35_cpu1_comparison_122052Z/':
- comparison_latency_distribution.png
- comparison_metrics_summary.png
